<?xml version="1.0" encoding="UTF-8"?>
<testng-results ignored="0" total="0" passed="0" failed="0" skipped="0">
  <reporter-output>
  </reporter-output>
  <suite started-at="2022-08-18T11:35:43 EDT" name="Cucumber Framework" finished-at="2022-08-18T11:35:59 EDT" duration-ms="16015">
    <groups>
    </groups>
    <test started-at="2022-08-18T11:35:43 EDT" name="Cucumber Tests" finished-at="2022-08-18T11:35:59 EDT" duration-ms="16015">
    </test> <!-- Cucumber Tests -->
  </suite> <!-- Cucumber Framework -->
</testng-results>
